[28-Feb-2025 17:18:37 Europe/Berlin] PHP Warning:  require(/opt/lampp/htdocs/php-basics/vendor/composer/../../app/helpers.php): Failed to open stream: Permission denied in /opt/lampp/htdocs/php-basics/vendor/composer/autoload_real.php on line 78
[28-Feb-2025 17:18:37 Europe/Berlin] PHP Fatal error:  Uncaught Error: Failed opening required '/opt/lampp/htdocs/php-basics/vendor/composer/../../app/helpers.php' (include_path='.:/opt/lampp/lib/php') in /opt/lampp/htdocs/php-basics/vendor/composer/autoload_real.php:78
Stack trace:
#0 /opt/lampp/htdocs/php-basics/vendor/composer/autoload_real.php(61): composerRequire6cd354f58d219dda819291db8e60938c('e320f53bb3364b7...', '/opt/lampp/htdo...')
#1 /opt/lampp/htdocs/php-basics/vendor/autoload.php(7): ComposerAutoloaderInit6cd354f58d219dda819291db8e60938c::getLoader()
#2 /opt/lampp/htdocs/php-basics/_init.php(14): require('/opt/lampp/htdo...')
#3 /opt/lampp/htdocs/php-basics/index.php(7): require('/opt/lampp/htdo...')
#4 {main}
  thrown in /opt/lampp/htdocs/php-basics/vendor/composer/autoload_real.php on line 78
[28-Feb-2025 17:19:18 Europe/Berlin] PHP Warning:  include(/opt/lampp/htdocs/php-basics/vendor/composer/../../app/Database/QueryBuilder.php): Failed to open stream: Permission denied in /opt/lampp/htdocs/php-basics/vendor/composer/ClassLoader.php on line 571
[28-Feb-2025 17:19:18 Europe/Berlin] PHP Warning:  include(): Failed opening '/opt/lampp/htdocs/php-basics/vendor/composer/../../app/Database/QueryBuilder.php' for inclusion (include_path='.:/opt/lampp/lib/php') in /opt/lampp/htdocs/php-basics/vendor/composer/ClassLoader.php on line 571
[28-Feb-2025 17:19:18 Europe/Berlin] PHP Fatal error:  Uncaught Error: Class "App\Database\QueryBuilder" not found in /opt/lampp/htdocs/php-basics/_init.php:21
Stack trace:
#0 /opt/lampp/htdocs/php-basics/index.php(7): require()
#1 {main}
  thrown in /opt/lampp/htdocs/php-basics/_init.php on line 21
[28-Feb-2025 17:19:48 Europe/Berlin] PHP Warning:  include(/opt/lampp/htdocs/php-basics/vendor/composer/../../app/Database/QueryBuilder.php): Failed to open stream: Permission denied in /opt/lampp/htdocs/php-basics/vendor/composer/ClassLoader.php on line 571
[28-Feb-2025 17:19:48 Europe/Berlin] PHP Warning:  include(): Failed opening '/opt/lampp/htdocs/php-basics/vendor/composer/../../app/Database/QueryBuilder.php' for inclusion (include_path='.:/opt/lampp/lib/php') in /opt/lampp/htdocs/php-basics/vendor/composer/ClassLoader.php on line 571
[28-Feb-2025 17:19:48 Europe/Berlin] PHP Fatal error:  Uncaught Error: Class "App\Database\QueryBuilder" not found in /opt/lampp/htdocs/php-basics/_init.php:21
Stack trace:
#0 /opt/lampp/htdocs/php-basics/index.php(7): require()
#1 {main}
  thrown in /opt/lampp/htdocs/php-basics/_init.php on line 21
[28-Feb-2025 17:20:37 Europe/Berlin] PHP Warning:  include(/opt/lampp/htdocs/php-basics/vendor/composer/../../app/Database/QueryBuilder.php): Failed to open stream: Permission denied in /opt/lampp/htdocs/php-basics/vendor/composer/ClassLoader.php on line 571
[28-Feb-2025 17:20:37 Europe/Berlin] PHP Warning:  include(): Failed opening '/opt/lampp/htdocs/php-basics/vendor/composer/../../app/Database/QueryBuilder.php' for inclusion (include_path='.:/opt/lampp/lib/php') in /opt/lampp/htdocs/php-basics/vendor/composer/ClassLoader.php on line 571
[28-Feb-2025 17:20:37 Europe/Berlin] PHP Fatal error:  Uncaught Error: Class "App\Database\QueryBuilder" not found in /opt/lampp/htdocs/php-basics/_init.php:21
Stack trace:
#0 /opt/lampp/htdocs/php-basics/index.php(7): require()
#1 {main}
  thrown in /opt/lampp/htdocs/php-basics/_init.php on line 21
[28-Feb-2025 17:21:00 Europe/Berlin] PHP Warning:  include(/opt/lampp/htdocs/php-basics/vendor/composer/../../app/Database/QueryBuilder.php): Failed to open stream: Permission denied in /opt/lampp/htdocs/php-basics/vendor/composer/ClassLoader.php on line 571
[28-Feb-2025 17:21:00 Europe/Berlin] PHP Warning:  include(): Failed opening '/opt/lampp/htdocs/php-basics/vendor/composer/../../app/Database/QueryBuilder.php' for inclusion (include_path='.:/opt/lampp/lib/php') in /opt/lampp/htdocs/php-basics/vendor/composer/ClassLoader.php on line 571
[28-Feb-2025 17:21:00 Europe/Berlin] PHP Fatal error:  Uncaught Error: Class "App\Database\QueryBuilder" not found in /opt/lampp/htdocs/php-basics/_init.php:21
Stack trace:
#0 /opt/lampp/htdocs/php-basics/index.php(7): require()
#1 {main}
  thrown in /opt/lampp/htdocs/php-basics/_init.php on line 21
[28-Feb-2025 17:22:03 Europe/Berlin] PHP Warning:  include(/opt/lampp/htdocs/php-basics/vendor/composer/../../app/Database/QueryBuilder.php): Failed to open stream: Permission denied in /opt/lampp/htdocs/php-basics/vendor/composer/ClassLoader.php on line 571
[28-Feb-2025 17:22:03 Europe/Berlin] PHP Warning:  include(): Failed opening '/opt/lampp/htdocs/php-basics/vendor/composer/../../app/Database/QueryBuilder.php' for inclusion (include_path='.:/opt/lampp/lib/php') in /opt/lampp/htdocs/php-basics/vendor/composer/ClassLoader.php on line 571
[28-Feb-2025 17:22:03 Europe/Berlin] PHP Fatal error:  Uncaught Error: Class "App\Database\QueryBuilder" not found in /opt/lampp/htdocs/php-basics/_init.php:21
Stack trace:
#0 /opt/lampp/htdocs/php-basics/index.php(7): require()
#1 {main}
  thrown in /opt/lampp/htdocs/php-basics/_init.php on line 21
[28-Feb-2025 17:22:05 Europe/Berlin] PHP Warning:  include(/opt/lampp/htdocs/php-basics/vendor/composer/../../app/Database/QueryBuilder.php): Failed to open stream: Permission denied in /opt/lampp/htdocs/php-basics/vendor/composer/ClassLoader.php on line 571
[28-Feb-2025 17:22:05 Europe/Berlin] PHP Warning:  include(): Failed opening '/opt/lampp/htdocs/php-basics/vendor/composer/../../app/Database/QueryBuilder.php' for inclusion (include_path='.:/opt/lampp/lib/php') in /opt/lampp/htdocs/php-basics/vendor/composer/ClassLoader.php on line 571
[28-Feb-2025 17:22:05 Europe/Berlin] PHP Fatal error:  Uncaught Error: Class "App\Database\QueryBuilder" not found in /opt/lampp/htdocs/php-basics/_init.php:21
Stack trace:
#0 /opt/lampp/htdocs/php-basics/index.php(7): require()
#1 {main}
  thrown in /opt/lampp/htdocs/php-basics/_init.php on line 21
