[2023-09-25T21:29:31.284781+02:00] PHP_BASICS.INFO: SELECT * FROM tasks [] []
[2023-09-26T20:06:29.269330+02:00] PHP_BASICS.INFO: SELECT * FROM tasks [] []
[2023-09-26T20:18:46.774209+02:00] PHP_BASICS.INFO: SELECT * FROM tasks [] []
[2023-09-26T20:18:47.505666+02:00] PHP_BASICS.INFO: SELECT * FROM tasks [] []
[2023-09-26T20:18:47.988279+02:00] PHP_BASICS.INFO: SELECT * FROM tasks [] []
[2023-09-26T21:06:48.045074+02:00] PHP_BASICS.INFO: INSERT INTO tasks (description) VALUES (?) [] []
[2023-09-26T21:06:48.078476+02:00] PHP_BASICS.INFO: SELECT * FROM tasks [] []
[2023-09-26T21:06:52.555611+02:00] PHP_BASICS.INFO: DELETE FROM tasks WHERE id = 51 [] []
[2023-09-26T21:06:52.589139+02:00] PHP_BASICS.INFO: SELECT * FROM tasks [] []
[2023-09-26T21:06:53.714559+02:00] PHP_BASICS.INFO: DELETE FROM tasks WHERE id = 49 [] []
[2023-09-26T21:06:53.762204+02:00] PHP_BASICS.INFO: SELECT * FROM tasks [] []
[2023-09-26T21:06:54.403854+02:00] PHP_BASICS.INFO: DELETE FROM tasks WHERE id = 48 [] []
[2023-09-26T21:06:54.436314+02:00] PHP_BASICS.INFO: SELECT * FROM tasks [] []
[2023-09-26T21:06:54.947192+02:00] PHP_BASICS.INFO: DELETE FROM tasks WHERE id = 47 [] []
[2023-09-26T21:06:54.988140+02:00] PHP_BASICS.INFO: SELECT * FROM tasks [] []
[2023-09-26T21:07:02.545416+02:00] PHP_BASICS.INFO: INSERT INTO tasks (description) VALUES (?) [] []
[2023-09-26T21:07:02.577957+02:00] PHP_BASICS.INFO: SELECT * FROM tasks [] []
[2023-09-26T21:07:24.103309+02:00] PHP_BASICS.INFO: INSERT INTO tasks (description) VALUES (?) [] []
[2023-09-26T21:07:24.135082+02:00] PHP_BASICS.INFO: SELECT * FROM tasks [] []
[2023-09-26T21:07:31.344811+02:00] PHP_BASICS.INFO: INSERT INTO tasks (description) VALUES (?) [] []
[2023-09-26T21:07:31.377681+02:00] PHP_BASICS.INFO: SELECT * FROM tasks [] []
[2023-09-26T21:11:38.542745+02:00] PHP_BASICS.INFO: SELECT * FROM tasks [] []
[2023-09-26T21:11:41.872137+02:00] PHP_BASICS.INFO: INSERT INTO tasks (description) VALUES (?) [] []
[2023-09-26T21:11:41.905559+02:00] PHP_BASICS.INFO: SELECT * FROM tasks [] []
[2023-09-26T21:15:14.759480+02:00] PHP_BASICS.INFO: INSERT INTO tasks (description) VALUES (?) [] []
[2023-09-26T21:15:14.792324+02:00] PHP_BASICS.INFO: SELECT * FROM tasks [] []
[2023-09-26T21:15:17.556010+02:00] PHP_BASICS.INFO: DELETE FROM tasks WHERE id = 2 [] []
[2023-09-26T21:15:17.605129+02:00] PHP_BASICS.INFO: SELECT * FROM tasks [] []
[2023-09-26T21:15:18.322591+02:00] PHP_BASICS.INFO: DELETE FROM tasks WHERE id = 1 [] []
[2023-09-26T21:15:18.354957+02:00] PHP_BASICS.INFO: SELECT * FROM tasks [] []
[2023-10-11T21:49:11.905536+02:00] PHP_BASICS.INFO: SELECT * FROM tasks [] []
[2023-10-11T21:49:30.058786+02:00] PHP_BASICS.INFO: INSERT INTO tasks (description) VALUES (?) [] []
[2023-10-11T21:49:30.091740+02:00] PHP_BASICS.INFO: SELECT * FROM tasks [] []
[2023-10-11T21:49:34.053854+02:00] PHP_BASICS.INFO: INSERT INTO tasks (description) VALUES (?) [] []
[2023-10-11T21:49:34.087928+02:00] PHP_BASICS.INFO: SELECT * FROM tasks [] []
[2023-10-11T21:49:35.400757+02:00] PHP_BASICS.INFO: UPDATE tasks SET completed = ?  WHERE id = 4 [] []
[2023-10-11T21:49:35.452389+02:00] PHP_BASICS.INFO: SELECT * FROM tasks [] []
[2023-10-11T21:49:35.918446+02:00] PHP_BASICS.INFO: UPDATE tasks SET completed = ?  WHERE id = 4 [] []
[2023-10-11T21:49:35.983967+02:00] PHP_BASICS.INFO: SELECT * FROM tasks [] []
[2023-10-11T21:49:38.232452+02:00] PHP_BASICS.INFO: DELETE FROM tasks WHERE id = 3 [] []
[2023-10-11T21:49:38.265466+02:00] PHP_BASICS.INFO: SELECT * FROM tasks [] []
[2023-10-11T21:49:39.048038+02:00] PHP_BASICS.INFO: DELETE FROM tasks WHERE id = 4 [] []
[2023-10-11T21:49:39.098010+02:00] PHP_BASICS.INFO: SELECT * FROM tasks [] []
[2023-10-11T21:49:39.947006+02:00] PHP_BASICS.INFO: SELECT * FROM tasks WHERE completed = 0 [] []
[2023-10-11T21:49:40.558746+02:00] PHP_BASICS.INFO: SELECT * FROM tasks WHERE completed = 1 [] []
[2025-02-28T17:25:02.349504+01:00] PHP_BASICS.INFO: SELECT * FROM tasks [] []
[2025-02-28T17:25:06.511227+01:00] PHP_BASICS.INFO: INSERT INTO tasks (description) VALUES (?) [] []
[2025-02-28T17:25:06.527031+01:00] PHP_BASICS.INFO: SELECT * FROM tasks [] []
[2025-02-28T17:25:09.556186+01:00] PHP_BASICS.INFO: INSERT INTO tasks (description) VALUES (?) [] []
[2025-02-28T17:25:09.579033+01:00] PHP_BASICS.INFO: SELECT * FROM tasks [] []
[2025-02-28T17:25:12.371771+01:00] PHP_BASICS.INFO: UPDATE tasks SET completed = ?  WHERE id = 1 [] []
[2025-02-28T17:25:12.388658+01:00] PHP_BASICS.INFO: SELECT * FROM tasks [] []
[2025-02-28T17:25:13.640770+01:00] PHP_BASICS.INFO: UPDATE tasks SET completed = ?  WHERE id = 2 [] []
[2025-02-28T17:25:13.657523+01:00] PHP_BASICS.INFO: SELECT * FROM tasks [] []
[2025-02-28T17:25:15.502813+01:00] PHP_BASICS.INFO: SELECT * FROM tasks WHERE completed = 0 [] []
[2025-02-28T17:25:16.682577+01:00] PHP_BASICS.INFO: SELECT * FROM tasks WHERE completed = 1 [] []
[2025-02-28T17:25:17.819532+01:00] PHP_BASICS.INFO: SELECT * FROM tasks [] []
[2025-02-28T17:25:19.639754+01:00] PHP_BASICS.INFO: INSERT INTO tasks (description) VALUES (?) [] []
[2025-02-28T17:25:19.660812+01:00] PHP_BASICS.INFO: SELECT * FROM tasks [] []
[2025-02-28T17:25:22.834108+01:00] PHP_BASICS.INFO: INSERT INTO tasks (description) VALUES (?) [] []
[2025-02-28T17:25:22.854256+01:00] PHP_BASICS.INFO: SELECT * FROM tasks [] []
[2025-02-28T17:25:25.376771+01:00] PHP_BASICS.INFO: SELECT * FROM tasks WHERE completed = 0 [] []
[2025-02-28T17:25:26.599272+01:00] PHP_BASICS.INFO: SELECT * FROM tasks [] []
[2025-02-28T17:25:27.808077+01:00] PHP_BASICS.INFO: SELECT * FROM tasks WHERE completed = 1 [] []
[2025-02-28T17:25:32.769630+01:00] PHP_BASICS.INFO: DELETE FROM tasks WHERE id = 1 [] []
[2025-02-28T17:25:32.795715+01:00] PHP_BASICS.INFO: SELECT * FROM tasks WHERE completed = 1 [] []
